2022/06/10 01:56:17 main.go:16: aaa
2022/06/10 15:31:22 main.go:16: aaa
2022/06/10 15:31:47 main.go:16: aaa
2022/06/11 23:15:19 main.go:16: aaa
2022/06/11 23:18:09 main.go:16: aaa
2022/06/11 23:21:04 main.go:16: aaa
2022/06/12 00:15:42 main.go:16: aaa
2022/06/12 00:15:42 users.go:59: near "where": syntax error
2022/06/12 00:22:15 main.go:16: aaa
2022/06/12 00:22:59 main.go:16: aaa
2022/06/12 00:29:19 main.go:16: aaa
2022/06/12 00:29:19 users.go:61: near "st": syntax error
2022/06/12 00:30:45 main.go:16: aaa
2022/06/12 00:30:45 users.go:63: near "st": syntax error
2022/06/12 00:44:07 main.go:16: aaa
2022/06/12 00:44:20 main.go:16: aaa
2022/06/12 01:10:00 main.go:16: aaa
2022/06/12 01:28:52 main.go:16: aaa
2022/06/12 01:31:40 main.go:16: aaa
2022/06/12 01:34:16 base.go:53: AUTOINCREMENT is only allowed on an INTEGER PRIMARY KEY
2022/06/12 01:59:04 main.go:16: aaa
2022/06/12 03:21:14 todos.go:23: near "value": syntax error
2022/06/12 03:22:03 todos.go:23: near "value": syntax error
2022/06/12 03:22:32 todos.go:23: near "value": syntax error
2022/06/12 03:22:45 todos.go:23: near "value": syntax error
2022/06/12 03:22:55 todos.go:23: near "value": syntax error
2022/06/12 03:24:02 todos.go:23: near ")": syntax error
